[debug] [2019-08-26T01:18:12.829Z] ----------------------------------------------------------------------
[debug] [2019-08-26T01:18:12.832Z] Command:       C:\Program Files\nodejs\node.exe C:\Users\SANTECH\AppData\Roaming\npm\node_modules\firebase-tools\lib\bin\firebase.js deploy
[debug] [2019-08-26T01:18:12.832Z] CLI Version:   7.2.2
[debug] [2019-08-26T01:18:12.832Z] Platform:      win32
[debug] [2019-08-26T01:18:12.832Z] Node Version:  v10.15.3
[debug] [2019-08-26T01:18:12.837Z] Time:          Mon Aug 26 2019 03:18:12 GMT+0200 (GMT+02:00)
[debug] [2019-08-26T01:18:12.837Z] ----------------------------------------------------------------------
[debug] 
[debug] [2019-08-26T01:18:12.853Z] > command requires scopes: ["email","openid","https://www.googleapis.com/auth/cloudplatformprojects.readonly","https://www.googleapis.com/auth/firebase","https://www.googleapis.com/auth/cloud-platform"]
[debug] [2019-08-26T01:18:12.853Z] > authorizing via signed-in user
[debug] [2019-08-26T01:18:12.853Z] [iam] checking project federicosecco-a9a77 for permissions ["firebase.projects.get","firebasehosting.sites.update"]
[debug] [2019-08-26T01:18:12.855Z] > refreshing access token with scopes: ["email","https://www.googleapis.com/auth/cloud-platform","https://www.googleapis.com/auth/cloudplatformprojects.readonly","https://www.googleapis.com/auth/firebase","openid"]
[debug] [2019-08-26T01:18:12.855Z] >>> HTTP REQUEST POST https://www.googleapis.com/oauth2/v3/token  
 <request body omitted>
[debug] [2019-08-26T01:18:13.023Z] <<< HTTP RESPONSE 200
[debug] [2019-08-26T01:18:13.029Z] >>> HTTP REQUEST POST https://cloudresourcemanager.googleapis.com/v1/projects/federicosecco-a9a77:testIamPermissions  

[debug] [2020-02-12T09:39:56.098Z] ----------------------------------------------------------------------
[debug] [2020-02-12T09:39:56.101Z] Command:       C:\Program Files\nodejs\node.exe C:\Users\SANTECH\AppData\Roaming\npm\node_modules\firebase-tools\lib\bin\firebase.js deploy
[debug] [2020-02-12T09:39:56.101Z] CLI Version:   7.3.0
[debug] [2020-02-12T09:39:56.101Z] Platform:      win32
[debug] [2020-02-12T09:39:56.101Z] Node Version:  v12.10.0
[debug] [2020-02-12T09:39:56.106Z] Time:          Wed Feb 12 2020 10:39:56 GMT+0100 (Central European Standard Time)
[debug] [2020-02-12T09:39:56.106Z] ----------------------------------------------------------------------
[debug] 
[debug] [2020-02-12T09:39:56.122Z] > command requires scopes: ["email","openid","https://www.googleapis.com/auth/cloudplatformprojects.readonly","https://www.googleapis.com/auth/firebase","https://www.googleapis.com/auth/cloud-platform"]
[debug] [2020-02-12T09:39:56.123Z] > authorizing via signed-in user
[debug] [2020-02-12T09:39:56.123Z] [iam] checking project federicosecco-a9a77 for permissions ["firebase.projects.get","firebasehosting.sites.update"]
[debug] [2020-02-12T09:39:56.125Z] > refreshing access token with scopes: ["email","https://www.googleapis.com/auth/cloud-platform","https://www.googleapis.com/auth/cloudplatformprojects.readonly","https://www.googleapis.com/auth/firebase","openid"]
[debug] [2020-02-12T09:39:56.125Z] >>> HTTP REQUEST POST https://www.googleapis.com/oauth2/v3/token  
 <request body omitted>
[debug] [2020-02-12T09:39:56.342Z] <<< HTTP RESPONSE 200
[debug] [2020-02-12T09:39:56.349Z] >>> HTTP REQUEST POST https://cloudresourcemanager.googleapis.com/v1/projects/federicosecco-a9a77:testIamPermissions  

[debug] [2020-02-12T09:39:57.276Z] <<< HTTP RESPONSE 200
[debug] [2020-02-12T09:39:57.277Z] >>> HTTP REQUEST GET https://firebase.googleapis.com/v1beta1/projects/federicosecco-a9a77  
 
[debug] [2020-02-12T09:39:57.627Z] <<< HTTP RESPONSE 200
[info] 
[info] === Deploying to 'federicosecco-a9a77'...
[info] 
[info] i  deploying hosting
[debug] [2020-02-12T09:39:57.632Z] >>> HTTP REQUEST POST https://firebasehosting.googleapis.com/v1beta1/sites/federicosecco-a9a77/versions  

[debug] [2020-02-12T09:40:08.493Z] <<< HTTP RESPONSE 503
[debug] [2020-02-12T09:40:08.493Z] <<< HTTP RESPONSE BODY
[error] 
[error] Error: HTTP Error: 503, The service is currently unavailable.
[debug] [2020-02-12T09:40:08.597Z] Error Context: {
  "body": {
    "error": {
      "code": 503,
      "message": "The service is currently unavailable.",
      "status": "UNAVAILABLE"
    }
  },
  "response": {
    "statusCode": 503,
    "body": {
      "error": {
        "code": 503,
        "message": "The service is currently unavailable.",
        "status": "UNAVAILABLE"
      }
    },
    "headers": {
      "vary": "X-Origin, Referer, Origin,Accept-Encoding",
      "content-type": "application/json; charset=UTF-8",
      "date": "Wed, 12 Feb 2020 09:40:12 GMT",
      "server": "ESF",
      "cache-control": "private",
      "x-xss-protection": "0",
      "x-frame-options": "SAMEORIGIN",
      "x-content-type-options": "nosniff",
      "alt-svc": "quic=\":443\"; ma=2592000; v=\"46,43\",h3-Q050=\":443\"; ma=2592000,h3-Q049=\":443\"; ma=2592000,h3-Q048=\":443\"; ma=2592000,h3-Q046=\":443\"; ma=2592000,h3-Q043=\":443\"; ma=2592000",
      "accept-ranges": "none",
      "transfer-encoding": "chunked"
    },
    "request": {
      "uri": {
        "protocol": "https:",
        "slashes": true,
        "auth": null,
        "host": "firebasehosting.googleapis.com",
        "port": 443,
        "hostname": "firebasehosting.googleapis.com",
        "hash": null,
        "search": null,
        "query": null,
        "pathname": "/v1beta1/sites/federicosecco-a9a77/versions",
        "path": "/v1beta1/sites/federicosecco-a9a77/versions",
        "href": "https://firebasehosting.googleapis.com/v1beta1/sites/federicosecco-a9a77/versions"
      },
      "method": "POST"
    }
  }
}
